0 info it worked if it ends with ok
1 verbose cli [ '/usr/local/bin/node', '/usr/local/bin/npm', 'run', 'deploy' ]
2 info using npm@3.10.10
3 info using node@v6.11.2
4 verbose run-script [ 'predeploy', 'deploy', 'postdeploy' ]
5 info lifecycle responsive_port@1.0.0~predeploy: responsive_port@1.0.0
6 silly lifecycle responsive_port@1.0.0~predeploy: no script for predeploy, continuing
7 info lifecycle responsive_port@1.0.0~deploy: responsive_port@1.0.0
8 verbose lifecycle responsive_port@1.0.0~deploy: unsafe-perm in lifecycle true
9 verbose lifecycle responsive_port@1.0.0~deploy: PATH: /usr/local/lib/node_modules/npm/bin/node-gyp-bin:/Users/travisMartin/Desktop/responsive_port/node_modules/.bin:/usr/local/bin:/usr/bin:/bin:/usr/sbin:/sbin:/opt/X11/bin
10 verbose lifecycle responsive_port@1.0.0~deploy: CWD: /Users/travisMartin/Desktop/responsive_port
11 silly lifecycle responsive_port@1.0.0~deploy: Args: [ '-c', 'gh-pages -d dist' ]
12 silly lifecycle responsive_port@1.0.0~deploy: Returned: code: 1  signal: null
13 info lifecycle responsive_port@1.0.0~deploy: Failed to exec deploy script
14 verbose stack Error: responsive_port@1.0.0 deploy: `gh-pages -d dist`
14 verbose stack Exit status 1
14 verbose stack     at EventEmitter.<anonymous> (/usr/local/lib/node_modules/npm/lib/utils/lifecycle.js:255:16)
14 verbose stack     at emitTwo (events.js:106:13)
14 verbose stack     at EventEmitter.emit (events.js:191:7)
14 verbose stack     at ChildProcess.<anonymous> (/usr/local/lib/node_modules/npm/lib/utils/spawn.js:40:14)
14 verbose stack     at emitTwo (events.js:106:13)
14 verbose stack     at ChildProcess.emit (events.js:191:7)
14 verbose stack     at maybeClose (internal/child_process.js:891:16)
14 verbose stack     at Process.ChildProcess._handle.onexit (internal/child_process.js:226:5)
15 verbose pkgid responsive_port@1.0.0
16 verbose cwd /Users/travisMartin/Desktop/responsive_port
17 error Darwin 15.6.0
18 error argv "/usr/local/bin/node" "/usr/local/bin/npm" "run" "deploy"
19 error node v6.11.2
20 error npm  v3.10.10
21 error code ELIFECYCLE
22 error responsive_port@1.0.0 deploy: `gh-pages -d dist`
22 error Exit status 1
23 error Failed at the responsive_port@1.0.0 deploy script 'gh-pages -d dist'.
23 error Make sure you have the latest version of node.js and npm installed.
23 error If you do, this is most likely a problem with the responsive_port package,
23 error not with npm itself.
23 error Tell the author that this fails on your system:
23 error     gh-pages -d dist
23 error You can get information on how to open an issue for this project with:
23 error     npm bugs responsive_port
23 error Or if that isn't available, you can get their info via:
23 error     npm owner ls responsive_port
23 error There is likely additional logging output above.
24 verbose exit [ 1, true ]
